<?xml version="1.0" encoding="UTF-8"?>
<!-- Generated by org.testng.reporters.JUnitReportReporter -->
<testsuite hostname="Cruvel-Desktop" failures="0" tests="3" name="com.test.SampleTest" time="7.175" errors="0" timestamp="2023-12-07T22:05:38 MYT" skipped="0">
  <testcase classname="com.test.SampleTest" name="testCase2" time="1.787"/>
  <testcase classname="com.test.SampleTest" name="testCase3" time="1.759"/>
  <testcase classname="com.test.SampleTest" name="testCase1" time="3.629"/>
</testsuite> <!-- com.test.SampleTest -->
